<?xml version="1.0" encoding="UTF-8"?>
<testng-results ignored="0" total="1" passed="1" failed="0" skipped="0">
  <reporter-output>
  </reporter-output>
  <suite started-at="2023-12-23T15:56:44 EET" name="MyTestSuite" finished-at="2023-12-23T15:57:44 EET" duration-ms="60194">
    <groups>
    </groups>
    <test started-at="2023-12-23T15:56:44 EET" name="MyTest" finished-at="2023-12-23T15:57:44 EET" duration-ms="60194">
      <class name="org.example.FlipKartTest">
        <test-method is-config="true" signature="setup()[pri:0, instance:org.example.FlipKartTest@1852a3ff]" started-at="2023-12-23T15:56:44 EET" name="setup" finished-at="2023-12-23T15:57:24 EET" duration-ms="40295" status="PASS">
          <reporter-output>
          </reporter-output>
        </test-method> <!-- setup -->
        <test-method signature="testSearchForIphone()[pri:0, instance:org.example.FlipKartTest@1852a3ff]" started-at="2023-12-23T15:57:24 EET" name="testSearchForIphone" finished-at="2023-12-23T15:57:44 EET" duration-ms="19596" status="PASS">
          <reporter-output>
          </reporter-output>
        </test-method> <!-- testSearchForIphone -->
        <test-method is-config="true" signature="tearDown()[pri:0, instance:org.example.FlipKartTest@1852a3ff]" started-at="2023-12-23T15:57:44 EET" name="tearDown" finished-at="2023-12-23T15:57:44 EET" duration-ms="268" status="PASS">
          <reporter-output>
          </reporter-output>
        </test-method> <!-- tearDown -->
      </class> <!-- org.example.FlipKartTest -->
    </test> <!-- MyTest -->
  </suite> <!-- MyTestSuite -->
</testng-results>
